<?xml version="1.0" encoding="UTF-8"?>
<testsuite name="org.example.SumCalculatorTest" tests="3" skipped="0" failures="0" errors="0" timestamp="2024-11-12T14:02:23" hostname="DESKTOP-KUANM47" time="0.051">
  <properties/>
  <testcase name="testThatSum3WorksCorrect()" classname="org.example.SumCalculatorTest" time="0.037"/>
  <testcase name="testThatSum1WorksCorrect()" classname="org.example.SumCalculatorTest" time="0.004"/>
  <testcase name="testThatSum0WorksCorrect()" classname="org.example.SumCalculatorTest" time="0.005"/>
  <system-out><![CDATA[]]></system-out>
  <system-err><![CDATA[]]></system-err>
</testsuite>
